2025-12-14T19:30:18.397575Z  INFO linera: Using default wallet directory /Users/derekliew/Library/Application Support/linera
2025-12-14T19:30:18.494692Z  INFO linera: Using default wallet directory /Users/derekliew/Library/Application Support/linera
2025-12-14T19:30:18.495025Z  INFO linera: Using default wallet directory /Users/derekliew/Library/Application Support/linera
2025-12-14T19:30:18.495406Z  INFO linera: Publishing and creating application on chain 3fc38d3c469bdb31d728fe066ab9b1a25f8b429b11e2710b33dea64dd19799cd
2025-12-14T19:30:18.495545Z  INFO linera_client::client_context: Loading bytecode files
2025-12-14T19:30:18.495847Z  INFO linera_client::client_context: Publishing module
2025-12-14T19:30:19.175231Z  WARN handle_block_proposal{address="https://linera-testnet-validator.contributiondao.com:443"}: grpc_client: error=Blobs not found: [BlobId { blob_type: ContractBytecode, hash: 1e8557534a8811bd05303a119113722f5eb1ec4667a788489a88c44aad01149c }, BlobId { blob_type: ServiceBytecode, hash: aec0a2484db7b2953626067ebd675ee6f6e68c7d09d9be4923d2183bb754e2ba }]
2025-12-14T19:30:19.337123Z  WARN handle_block_proposal{address="https://linera-testnet.rubynodes.io:443"}: grpc_client: error=Blobs not found: [BlobId { blob_type: ContractBytecode, hash: 1e8557534a8811bd05303a119113722f5eb1ec4667a788489a88c44aad01149c }, BlobId { blob_type: ServiceBytecode, hash: aec0a2484db7b2953626067ebd675ee6f6e68c7d09d9be4923d2183bb754e2ba }]
2025-12-14T19:30:19.337172Z  WARN handle_block_proposal{address="https://linera-testnet.chainbase.online:443"}: grpc_client: error=Blobs not found: [BlobId { blob_type: ContractBytecode, hash: 1e8557534a8811bd05303a119113722f5eb1ec4667a788489a88c44aad01149c }, BlobId { blob_type: ServiceBytecode, hash: aec0a2484db7b2953626067ebd675ee6f6e68c7d09d9be4923d2183bb754e2ba }]
2025-12-14T19:30:19.346359Z  WARN handle_block_proposal{address="https://conway-testnet.dzdaic.com:443"}: grpc_client: error=Blobs not found: [BlobId { blob_type: ContractBytecode, hash: 1e8557534a8811bd05303a119113722f5eb1ec4667a788489a88c44aad01149c }, BlobId { blob_type: ServiceBytecode, hash: aec0a2484db7b2953626067ebd675ee6f6e68c7d09d9be4923d2183bb754e2ba }]
2025-12-14T19:30:19.346380Z  WARN handle_block_proposal{address="https://linera-conway.tecnodes.network:443"}: grpc_client: error=Blobs not found: [BlobId { blob_type: ContractBytecode, hash: 1e8557534a8811bd05303a119113722f5eb1ec4667a788489a88c44aad01149c }, BlobId { blob_type: ServiceBytecode, hash: aec0a2484db7b2953626067ebd675ee6f6e68c7d09d9be4923d2183bb754e2ba }]
2025-12-14T19:30:19.399265Z  WARN handle_block_proposal{address="https://validator-2.testnet-conway.linera.net:443"}: grpc_client: error=Blobs not found: [BlobId { blob_type: ContractBytecode, hash: 1e8557534a8811bd05303a119113722f5eb1ec4667a788489a88c44aad01149c }, BlobId { blob_type: ServiceBytecode, hash: aec0a2484db7b2953626067ebd675ee6f6e68c7d09d9be4923d2183bb754e2ba }]
2025-12-14T19:30:19.401750Z  WARN handle_block_proposal{address="https://validator-3.testnet-conway.linera.net:443"}: grpc_client: error=Blobs not found: [BlobId { blob_type: ContractBytecode, hash: 1e8557534a8811bd05303a119113722f5eb1ec4667a788489a88c44aad01149c }, BlobId { blob_type: ServiceBytecode, hash: aec0a2484db7b2953626067ebd675ee6f6e68c7d09d9be4923d2183bb754e2ba }]
2025-12-14T19:30:19.405853Z  WARN handle_block_proposal{address="https://validator-1.testnet-conway.linera.net:443"}: grpc_client: error=Blobs not found: [BlobId { blob_type: ContractBytecode, hash: 1e8557534a8811bd05303a119113722f5eb1ec4667a788489a88c44aad01149c }, BlobId { blob_type: ServiceBytecode, hash: aec0a2484db7b2953626067ebd675ee6f6e68c7d09d9be4923d2183bb754e2ba }]
2025-12-14T19:30:19.405874Z  WARN handle_block_proposal{address="https://validator-4.testnet-conway.linera.net:443"}: grpc_client: error=Blobs not found: [BlobId { blob_type: ContractBytecode, hash: 1e8557534a8811bd05303a119113722f5eb1ec4667a788489a88c44aad01149c }, BlobId { blob_type: ServiceBytecode, hash: aec0a2484db7b2953626067ebd675ee6f6e68c7d09d9be4923d2183bb754e2ba }]
2025-12-14T19:30:19.407147Z  WARN handle_block_proposal{address="https://15.204.31.226.sslip.io:443"}: grpc_client: error=Blobs not found: [BlobId { blob_type: ContractBytecode, hash: 1e8557534a8811bd05303a119113722f5eb1ec4667a788489a88c44aad01149c }, BlobId { blob_type: ServiceBytecode, hash: aec0a2484db7b2953626067ebd675ee6f6e68c7d09d9be4923d2183bb754e2ba }]
2025-12-14T19:30:19.446455Z  WARN handle_block_proposal{address="https://linera-testnet.brightlystake.com:443"}: grpc_client: error=Events not found: [EventId { chain_id: 8fd4233c5d03554f87d47a711cf70619727ca3d148353446cab81fb56922c9b7, stream_id: StreamId { application_id: System, stream_name: StreamName(00) }, index: 26 }, EventId { chain_id: 8fd4233c5d03554f87d47a711cf70619727ca3d148353446cab81fb56922c9b7, stream_id: StreamId { application_id: System, stream_name: StreamName(00) }, index: 27 }]
2025-12-14T19:30:19.462919Z  WARN handle_block_proposal{address="https://testnet-linera.lavenderfive.com:443"}: grpc_client: error=Blobs not found: [BlobId { blob_type: ContractBytecode, hash: 1e8557534a8811bd05303a119113722f5eb1ec4667a788489a88c44aad01149c }, BlobId { blob_type: ServiceBytecode, hash: aec0a2484db7b2953626067ebd675ee6f6e68c7d09d9be4923d2183bb754e2ba }]
2025-12-14T19:30:19.462964Z  WARN handle_block_proposal{address="https://linera-testnet.talentum.id:443"}: grpc_client: error=Chain is expecting a next block at height 1 but the given block is at height 4 instead
2025-12-14T19:30:19.469544Z  WARN handle_block_proposal{address="https://swyke-linera-test-00.restake.cloud:443"}: grpc_client: error=Chain is expecting a next block at height 0 but the given block is at height 4 instead
2025-12-14T19:30:19.498076Z  WARN handle_block_proposal{address="https://linera.everstake.one:443"}: grpc_client: error=Blobs not found: [BlobId { blob_type: ChainDescription, hash: 3fc38d3c469bdb31d728fe066ab9b1a25f8b429b11e2710b33dea64dd19799cd }]
2025-12-14T19:30:19.532425Z  WARN handle_block_proposal{address="https://linera.unitynodes.com:443"}: grpc_client: error=Blobs not found: [BlobId { blob_type: ContractBytecode, hash: 1e8557534a8811bd05303a119113722f5eb1ec4667a788489a88c44aad01149c }, BlobId { blob_type: ServiceBytecode, hash: aec0a2484db7b2953626067ebd675ee6f6e68c7d09d9be4923d2183bb754e2ba }]
2025-12-14T19:30:19.532455Z  WARN handle_block_proposal{address="https://linera.pops.one:443"}: grpc_client: error=Chain is expecting a next block at height 3 but the given block is at height 4 instead
2025-12-14T19:30:19.553271Z  WARN handle_block_proposal{address="https://tn.linera.stakingcabin.com:443"}: grpc_client: error=Chain is expecting a next block at height 1 but the given block is at height 4 instead
2025-12-14T19:30:19.640981Z  WARN handle_block_proposal{address="https://tnlinera.azurenode.xyz:443"}: grpc_client: error=Blobs not found: [BlobId { blob_type: ContractBytecode, hash: 1e8557534a8811bd05303a119113722f5eb1ec4667a788489a88c44aad01149c }, BlobId { blob_type: ServiceBytecode, hash: aec0a2484db7b2953626067ebd675ee6f6e68c7d09d9be4923d2183bb754e2ba }]
2025-12-14T19:30:19.725923Z  WARN handle_confirmed_certificate{address="https://linera-testnet.talentum.id:443"}: grpc_client: error=Blobs not found: [BlobId { blob_type: ServiceBytecode, hash: 14feb2e0f2c44e17d333001cbd9c5c1416337a60ba20805cedf4dab10fbb25b3 }]
2025-12-14T19:30:19.739460Z  WARN handle_confirmed_certificate{address="https://swyke-linera-test-00.restake.cloud:443"}: grpc_client: error=Blobs not found: [BlobId { blob_type: ServiceBytecode, hash: 14feb2e0f2c44e17d333001cbd9c5c1416337a60ba20805cedf4dab10fbb25b3 }]
2025-12-14T19:30:19.817762Z  WARN handle_confirmed_certificate{address="https://linera.pops.one:443"}: grpc_client: error=Blobs not found: [BlobId { blob_type: ContractBytecode, hash: c5e1c2cbd91aa8e75e0d69e5f3074bbce591e8bcfbfbe20afa010b78552f59e1 }, BlobId { blob_type: ServiceBytecode, hash: 14feb2e0f2c44e17d333001cbd9c5c1416337a60ba20805cedf4dab10fbb25b3 }]
2025-12-14T19:30:19.834408Z  WARN handle_confirmed_certificate{address="https://tn.linera.stakingcabin.com:443"}: grpc_client: error=Blobs not found: [BlobId { blob_type: ServiceBytecode, hash: 14feb2e0f2c44e17d333001cbd9c5c1416337a60ba20805cedf4dab10fbb25b3 }]
2025-12-14T19:30:20.218305Z  WARN handle_block_proposal{address="https://linera-testnet.runtime-client-rpc.com:443"}: grpc_client: error=Chain is expecting a next block at height 3 but the given block is at height 4 instead
2025-12-14T19:30:20.502033Z  WARN handle_pending_blob{chain_id=3fc38d3c469bdb31d728fe066ab9b1a25f8b429b11e2710b33dea64dd19799cd blob=BlobContent { blob_type: ContractBytecode } address="https://linera.everstake.one:443"}: grpc_client: error=Worker error: Blob was not required by any pending block
2025-12-14T19:30:20.516675Z  WARN handle_confirmed_certificate{address="https://linera-testnet.runtime-client-rpc.com:443"}: grpc_client: error=Blobs not found: [BlobId { blob_type: ServiceBytecode, hash: 14feb2e0f2c44e17d333001cbd9c5c1416337a60ba20805cedf4dab10fbb25b3 }]
2025-12-14T19:30:21.556345Z  WARN handle_validated_certificate{address="https://linera-testnet.talentum.id:443"}: grpc_client: error=Chain is expecting a next block at height 1 but the given block is at height 4 instead
2025-12-14T19:30:21.557193Z  WARN handle_validated_certificate{address="https://linera-testnet.brightlystake.com:443"}: grpc_client: error=Events not found: [EventId { chain_id: 8fd4233c5d03554f87d47a711cf70619727ca3d148353446cab81fb56922c9b7, stream_id: StreamId { application_id: System, stream_name: StreamName(00) }, index: 26 }, EventId { chain_id: 8fd4233c5d03554f87d47a711cf70619727ca3d148353446cab81fb56922c9b7, stream_id: StreamId { application_id: System, stream_name: StreamName(00) }, index: 27 }]
2025-12-14T19:30:21.557578Z  WARN handle_validated_certificate{address="https://swyke-linera-test-00.restake.cloud:443"}: grpc_client: error=Chain is expecting a next block at height 0 but the given block is at height 4 instead
2025-12-14T19:30:21.573384Z  WARN handle_validated_certificate{address="https://linera.everstake.one:443"}: grpc_client: error=Blobs not found: [BlobId { blob_type: ChainDescription, hash: 3fc38d3c469bdb31d728fe066ab9b1a25f8b429b11e2710b33dea64dd19799cd }]
2025-12-14T19:30:21.573424Z  INFO linera_core::remote_node: validator requested blob but it is not required address="https://linera.everstake.one:443" blob_id=ChainDescription:3fc38d3c469bdb31d728fe066ab9b1a25f8b429b11e2710b33dea64dd19799cd
2025-12-14T19:30:21.579991Z  WARN handle_validated_certificate{address="https://linera.pops.one:443"}: grpc_client: error=Blobs not found: [BlobId { blob_type: ContractBytecode, hash: 1e8557534a8811bd05303a119113722f5eb1ec4667a788489a88c44aad01149c }, BlobId { blob_type: ServiceBytecode, hash: aec0a2484db7b2953626067ebd675ee6f6e68c7d09d9be4923d2183bb754e2ba }]
2025-12-14T19:30:21.601887Z  WARN handle_validated_certificate{address="https://tn.linera.stakingcabin.com:443"}: grpc_client: error=Chain is expecting a next block at height 1 but the given block is at height 4 instead
2025-12-14T19:30:21.616368Z  WARN handle_validated_certificate{address="https://linera-testnet.runtime-client-rpc.com:443"}: grpc_client: error=Chain is expecting a next block at height 3 but the given block is at height 4 instead
2025-12-14T19:30:21.861537Z  WARN handle_confirmed_certificate{address="https://linera-testnet.brightlystake.com:443"}: grpc_client: error=Events not found: [EventId { chain_id: 8fd4233c5d03554f87d47a711cf70619727ca3d148353446cab81fb56922c9b7, stream_id: StreamId { application_id: System, stream_name: StreamName(00) }, index: 27 }]
2025-12-14T19:30:21.863789Z  WARN handle_confirmed_certificate{address="https://linera-testnet.talentum.id:443"}: grpc_client: error=Blobs not found: [BlobId { blob_type: ContractBytecode, hash: 1e8557534a8811bd05303a119113722f5eb1ec4667a788489a88c44aad01149c }, BlobId { blob_type: ServiceBytecode, hash: aec0a2484db7b2953626067ebd675ee6f6e68c7d09d9be4923d2183bb754e2ba }]
2025-12-14T19:30:21.881132Z  WARN handle_confirmed_certificate{address="https://swyke-linera-test-00.restake.cloud:443"}: grpc_client: error=Blobs not found: [BlobId { blob_type: ContractBytecode, hash: 1e8557534a8811bd05303a119113722f5eb1ec4667a788489a88c44aad01149c }, BlobId { blob_type: ServiceBytecode, hash: aec0a2484db7b2953626067ebd675ee6f6e68c7d09d9be4923d2183bb754e2ba }]
2025-12-14T19:30:21.898348Z  WARN handle_confirmed_certificate{address="https://tn.linera.stakingcabin.com:443"}: grpc_client: error=Blobs not found: [BlobId { blob_type: ContractBytecode, hash: 1e8557534a8811bd05303a119113722f5eb1ec4667a788489a88c44aad01149c }, BlobId { blob_type: ServiceBytecode, hash: aec0a2484db7b2953626067ebd675ee6f6e68c7d09d9be4923d2183bb754e2ba }]
2025-12-14T19:30:21.926759Z  WARN handle_confirmed_certificate{address="https://linera-testnet.runtime-client-rpc.com:443"}: grpc_client: error=Blobs not found: [BlobId { blob_type: ContractBytecode, hash: 1e8557534a8811bd05303a119113722f5eb1ec4667a788489a88c44aad01149c }, BlobId { blob_type: ServiceBytecode, hash: aec0a2484db7b2953626067ebd675ee6f6e68c7d09d9be4923d2183bb754e2ba }]
2025-12-14T19:30:21.928525Z  WARN handle_confirmed_certificate{address="https://tnlinera.azurenode.xyz:443"}: grpc_client: error=Blobs not found: [BlobId { blob_type: ServiceBytecode, hash: aec0a2484db7b2953626067ebd675ee6f6e68c7d09d9be4923d2183bb754e2ba }]
2025-12-14T19:30:21.958359Z  INFO linera_client::client_context: Module published successfully!
2025-12-14T19:30:21.958386Z  INFO linera_client::client_context: Synchronizing client and processing inbox
2025-12-14T19:30:22.186192Z  WARN handle_chain_info_query{address="https://linera-testnet.brightlystake.com:443"}: grpc_client: error=Events not found: [EventId { chain_id: 8fd4233c5d03554f87d47a711cf70619727ca3d148353446cab81fb56922c9b7, stream_id: StreamId { application_id: System, stream_name: StreamName(00) }, index: 26 }, EventId { chain_id: 8fd4233c5d03554f87d47a711cf70619727ca3d148353446cab81fb56922c9b7, stream_id: StreamId { application_id: System, stream_name: StreamName(00) }, index: 27 }]
2025-12-14T19:30:22.778836Z  WARN handle_chain_info_query{address="https://linera-testnet.brightlystake.com:443"}: grpc_client: error=Events not found: [EventId { chain_id: 8fd4233c5d03554f87d47a711cf70619727ca3d148353446cab81fb56922c9b7, stream_id: StreamId { application_id: System, stream_name: StreamName(00) }, index: 26 }, EventId { chain_id: 8fd4233c5d03554f87d47a711cf70619727ca3d148353446cab81fb56922c9b7, stream_id: StreamId { application_id: System, stream_name: StreamName(00) }, index: 27 }]
2025-12-14T19:30:22.796669Z  WARN handle_chain_info_query{address="https://linera.everstake.one:443"}: grpc_client: error=Blobs not found: [BlobId { blob_type: ChainDescription, hash: 3fc38d3c469bdb31d728fe066ab9b1a25f8b429b11e2710b33dea64dd19799cd }]
2025-12-14T19:30:22.848073Z  INFO linera_core::client: find_received_certificates finished
2025-12-14T19:30:23.073557Z  WARN handle_chain_info_query{address="https://linera-testnet.brightlystake.com:443"}: grpc_client: error=Events not found: [EventId { chain_id: 8fd4233c5d03554f87d47a711cf70619727ca3d148353446cab81fb56922c9b7, stream_id: StreamId { application_id: System, stream_name: StreamName(00) }, index: 26 }, EventId { chain_id: 8fd4233c5d03554f87d47a711cf70619727ca3d148353446cab81fb56922c9b7, stream_id: StreamId { application_id: System, stream_name: StreamName(00) }, index: 27 }]
2025-12-14T19:30:23.389078Z  WARN handle_block_proposal{address="https://linera-testnet.talentum.id:443"}: grpc_client: error=Chain is expecting a next block at height 1 but the given block is at height 5 instead
2025-12-14T19:30:23.392957Z  WARN handle_block_proposal{address="https://swyke-linera-test-00.restake.cloud:443"}: grpc_client: error=Chain is expecting a next block at height 0 but the given block is at height 5 instead
2025-12-14T19:30:23.393107Z  WARN handle_block_proposal{address="https://linera-testnet.brightlystake.com:443"}: grpc_client: error=Events not found: [EventId { chain_id: 8fd4233c5d03554f87d47a711cf70619727ca3d148353446cab81fb56922c9b7, stream_id: StreamId { application_id: System, stream_name: StreamName(00) }, index: 26 }, EventId { chain_id: 8fd4233c5d03554f87d47a711cf70619727ca3d148353446cab81fb56922c9b7, stream_id: StreamId { application_id: System, stream_name: StreamName(00) }, index: 27 }]
2025-12-14T19:30:23.411123Z  WARN handle_block_proposal{address="https://linera.pops.one:443"}: grpc_client: error=Chain is expecting a next block at height 4 but the given block is at height 5 instead
2025-12-14T19:30:23.424256Z  WARN handle_block_proposal{address="https://tn.linera.stakingcabin.com:443"}: grpc_client: error=Chain is expecting a next block at height 1 but the given block is at height 5 instead
2025-12-14T19:30:23.452328Z  WARN handle_block_proposal{address="https://linera-testnet.runtime-client-rpc.com:443"}: grpc_client: error=Chain is expecting a next block at height 4 but the given block is at height 5 instead
2025-12-14T19:30:23.456917Z  WARN handle_block_proposal{address="https://tnlinera.azurenode.xyz:443"}: grpc_client: error=Chain is expecting a next block at height 4 but the given block is at height 5 instead
2025-12-14T19:30:23.473751Z  WARN handle_block_proposal{address="https://linera.everstake.one:443"}: grpc_client: error=Blobs not found: [BlobId { blob_type: ChainDescription, hash: 3fc38d3c469bdb31d728fe066ab9b1a25f8b429b11e2710b33dea64dd19799cd }]
2025-12-14T19:30:23.739237Z  WARN handle_validated_certificate{address="https://linera-testnet.talentum.id:443"}: grpc_client: error=Chain is expecting a next block at height 1 but the given block is at height 5 instead
2025-12-14T19:30:23.741243Z  WARN handle_validated_certificate{address="https://linera-testnet.brightlystake.com:443"}: grpc_client: error=Events not found: [EventId { chain_id: 8fd4233c5d03554f87d47a711cf70619727ca3d148353446cab81fb56922c9b7, stream_id: StreamId { application_id: System, stream_name: StreamName(00) }, index: 26 }, EventId { chain_id: 8fd4233c5d03554f87d47a711cf70619727ca3d148353446cab81fb56922c9b7, stream_id: StreamId { application_id: System, stream_name: StreamName(00) }, index: 27 }]
2025-12-14T19:30:23.741382Z  WARN handle_validated_certificate{address="https://swyke-linera-test-00.restake.cloud:443"}: grpc_client: error=Chain is expecting a next block at height 0 but the given block is at height 5 instead
2025-12-14T19:30:23.757335Z  WARN handle_validated_certificate{address="https://linera.everstake.one:443"}: grpc_client: error=Blobs not found: [BlobId { blob_type: ChainDescription, hash: 3fc38d3c469bdb31d728fe066ab9b1a25f8b429b11e2710b33dea64dd19799cd }]
2025-12-14T19:30:23.757441Z  INFO linera_core::remote_node: validator requested blob but it is not required address="https://linera.everstake.one:443" blob_id=ChainDescription:3fc38d3c469bdb31d728fe066ab9b1a25f8b429b11e2710b33dea64dd19799cd
2025-12-14T19:30:23.762518Z  WARN handle_validated_certificate{address="https://linera.pops.one:443"}: grpc_client: error=Chain is expecting a next block at height 4 but the given block is at height 5 instead
2025-12-14T19:30:23.773211Z  WARN handle_validated_certificate{address="https://tn.linera.stakingcabin.com:443"}: grpc_client: error=Chain is expecting a next block at height 1 but the given block is at height 5 instead
2025-12-14T19:30:23.797982Z  WARN handle_validated_certificate{address="https://linera-testnet.runtime-client-rpc.com:443"}: grpc_client: error=Chain is expecting a next block at height 4 but the given block is at height 5 instead
2025-12-14T19:30:23.805040Z  WARN handle_validated_certificate{address="https://tnlinera.azurenode.xyz:443"}: grpc_client: error=Chain is expecting a next block at height 4 but the given block is at height 5 instead
2025-12-14T19:30:24.043676Z  WARN handle_confirmed_certificate{address="https://linera-testnet.brightlystake.com:443"}: grpc_client: error=Events not found: [EventId { chain_id: 8fd4233c5d03554f87d47a711cf70619727ca3d148353446cab81fb56922c9b7, stream_id: StreamId { application_id: System, stream_name: StreamName(00) }, index: 27 }]
2025-12-14T19:30:24.123250Z  INFO linera: Application published successfully!
2025-12-14T19:30:24.123266Z  INFO linera: Application published and created in 5627 ms
3d15f8690d08adb7c9c4bd10c701e257e588338cdfc716ffb79c31d43ec6b5bc
